-------------------------------------------------------------------------------
Test set: hello.HelloControllerTest
-------------------------------------------------------------------------------
Tests run: 1, Failures: 0, Errors: 1, Skipped: 0, Time elapsed: 0.479 s <<< FAILURE! - in hello.HelloControllerTest
initializationError(hello.HelloControllerTest)  Time elapsed: 0.002 s  <<< ERROR!
java.lang.ArrayStoreException: sun.reflect.annotation.TypeNotPresentExceptionProxy

